Start testing: Nov 24 14:31 GMT
----------------------------------------------------------
1/1 Testing: runUnitTests
1/1 Test: runUnitTests
Command: "/home/chris/EyeTrackWM/src/tracker/runUnitTests"
Directory: /home/chris/EyeTrackWM/src/tracker
"runUnitTests" start time: Nov 24 14:31 GMT
Output:
----------------------------------------------------------
VIDIOC_QUERYMENU: Invalid argument
VIDIOC_QUERYMENU: Invalid argument
VIDIOC_QUERYMENU: Invalid argument
VIDIOC_QUERYMENU: Invalid argument
VIDIOC_QUERYMENU: Invalid argument
VIDIOC_QUERYMENU: Invalid argument
VIDIOC_QUERYMENU: Invalid argument
Terminated by Esc key
LeftEyes 0
RightEyes 0
Nose 0
Time 5
<end of output>
Test time =   4.95 sec
----------------------------------------------------------
Test Passed.
"runUnitTests" end time: Nov 24 14:31 GMT
"runUnitTests" time elapsed: 00:00:04
----------------------------------------------------------

End testing: Nov 24 14:31 GMT
